# JRE version: OpenJDK Runtime Environment (18.0.2.1+1) (build 18.0.2.1+1-1)
# Java VM: OpenJDK 64-Bit Server VM (18.0.2.1+1-1, mixed mode, sharing, tiered, compressed oops, compressed class ptrs, g1 gc, windows-amd64)
GC Precious Log:
 CardTable entry size: 512
 Card Set container configuration: InlinePtr #cards 5 size 8 Array Of Cards #cards 12 size 40 Howl #buckets 4 coarsen threshold 1843 Howl Bitmap #cards 512 size 80 coarsen threshold 460 Card regions per heap region 1 cards per card region 2048
 CPUs: 12 total, 12 available
 Memory: 6005M
 Large Page Support: Disabled
 NUMA Support: Disabled
 Compressed Oops: Enabled (32-bit)
 Heap Region Size: 1M
 Heap Min Capacity: 8M
 Heap Initial Capacity: 94M
 Heap Max Capacity: 1502M
 Pre-touch: Disabled
 Parallel Workers: 10
 Concurrent Workers: 3
 Concurrent Refinement Workers: 10
 Periodic GC: Disabled
Heap:
 garbage-first heap   total 212992K, used 104014K [0x00000000a2200000, 0x0000000100000000)
  region size 1024K, 8 young (8192K), 8 survivors (8192K)
 Metaspace       used 83338K, committed 84160K, reserved 1179648K
  class space    used 8910K, committed 9344K, reserved 1048576K
GC Heap History (20 events):
Event: 25.799 GC heap after
{Heap after GC invocations=21 (full 0):
 garbage-first heap   total 107520K, used 65098K [0x00000000a2200000, 0x0000000100000000)
  region size 1024K, 4 young (4096K), 4 survivors (4096K)
 Metaspace       used 59019K, committed 59840K, reserved 1114112K
  class space    used 6837K, committed 7232K, reserved 1048576K
}
Event: 25.835 GC heap before
{Heap before GC invocations=21 (full 0):
 garbage-first heap   total 107520K, used 66122K [0x00000000a2200000, 0x0000000100000000)
  region size 1024K, 5 young (5120K), 4 survivors (4096K)
 Metaspace       used 59035K, committed 59840K, reserved 1114112K
  class space    used 6837K, committed 7232K, reserved 1048576K
}
Event: 25.851 GC heap after
{Heap after GC invocations=22 (full 0):
 garbage-first heap   total 107520K, used 64523K [0x00000000a2200000, 0x0000000100000000)
  region size 1024K, 1 young (1024K), 1 survivors (1024K)
 Metaspace       used 59035K, committed 59840K, reserved 1114112K
  class space    used 6837K, committed 7232K, reserved 1048576K
}
Event: 28.372 GC heap before
{Heap before GC invocations=22 (full 0):
 garbage-first heap   total 107520K, used 90123K [0x00000000a2200000, 0x0000000100000000)
  region size 1024K, 23 young (23552K), 1 survivors (1024K)
 Metaspace       used 59942K, committed 60800K, reserved 1114112K
  class space    used 6919K, committed 7360K, reserved 1048576K
}
Event: 28.387 GC heap after
{Heap after GC invocations=23 (full 0):
 garbage-first heap   total 212992K, used 68920K [0x00000000a2200000, 0x0000000100000000)
  region size 1024K, 3 young (3072K), 3 survivors (3072K)
 Metaspace       used 59942K, committed 60800K, reserved 1114112K
  class space    used 6919K, committed 7360K, reserved 1048576K
}
Event: 46.891 GC heap before
{Heap before GC invocations=24 (full 0):
 garbage-first heap   total 212992K, used 161080K [0x00000000a2200000, 0x0000000100000000)
  region size 1024K, 93 young (95232K), 3 survivors (3072K)
 Metaspace       used 61086K, committed 61888K, reserved 1114112K
  class space    used 6985K, committed 7424K, reserved 1048576K
}
Event: 47.375 GC heap after
{Heap after GC invocations=25 (full 0):
 garbage-first heap   total 212992K, used 74586K [0x00000000a2200000, 0x0000000100000000)
  region size 1024K, 9 young (9216K), 9 survivors (9216K)
 Metaspace       used 61086K, committed 61888K, reserved 1114112K
  class space    used 6985K, committed 7424K, reserved 1048576K
}
Event: 47.456 GC heap before
{Heap before GC invocations=25 (full 0):
 garbage-first heap   total 212992K, used 75610K [0x00000000a2200000, 0x0000000100000000)
  region size 1024K, 10 young (10240K), 9 survivors (9216K)
 Metaspace       used 61090K, committed 61888K, reserved 1114112K
  class space    used 6985K, committed 7424K, reserved 1048576K
}
Event: 47.719 GC heap after
{Heap after GC invocations=26 (full 0):
 garbage-first heap   total 212992K, used 74932K [0x00000000a2200000, 0x0000000100000000)
  region size 1024K, 2 young (2048K), 2 survivors (2048K)
 Metaspace       used 61090K, committed 61888K, reserved 1114112K
  class space    used 6985K, committed 7424K, reserved 1048576K
}
Event: 60.822 GC heap before
{Heap before GC invocations=26 (full 0):
 garbage-first heap   total 212992K, used 131252K [0x00000000a2200000, 0x0000000100000000)
  region size 1024K, 57 young (58368K), 2 survivors (2048K)
 Metaspace       used 61407K, committed 62208K, reserved 1114112K
  class space    used 6991K, committed 7424K, reserved 1048576K
}
Event: 60.838 GC heap after
{Heap after GC invocations=27 (full 0):
 garbage-first heap   total 212992K, used 78014K [0x00000000a2200000, 0x0000000100000000)
  region size 1024K, 5 young (5120K), 5 survivors (5120K)
 Metaspace       used 61407K, committed 62208K, reserved 1114112K
  class space    used 6991K, committed 7424K, reserved 1048576K
}
Event: 71.141 GC heap before
{Heap before GC invocations=27 (full 0):
 garbage-first heap   total 212992K, used 138430K [0x00000000a2200000, 0x0000000100000000)
  region size 1024K, 64 young (65536K), 5 survivors (5120K)
 Metaspace       used 62231K, committed 63040K, reserved 1114112K
  class space    used 7042K, committed 7488K, reserved 1048576K
}
Event: 71.187 GC heap after
{Heap after GC invocations=28 (full 0):
 garbage-first heap   total 212992K, used 81943K [0x00000000a2200000, 0x0000000100000000)
  region size 1024K, 4 young (4096K), 4 survivors (4096K)
 Metaspace       used 62231K, committed 63040K, reserved 1114112K
  class space    used 7042K, committed 7488K, reserved 1048576K
}
Event: 79.224 GC heap before
{Heap before GC invocations=28 (full 0):
 garbage-first heap   total 212992K, used 170007K [0x00000000a2200000, 0x0000000100000000)
  region size 1024K, 90 young (92160K), 4 survivors (4096K)
 Metaspace       used 68913K, committed 69696K, reserved 1114112K
  class space    used 7602K, committed 8000K, reserved 1048576K
}
Event: 79.256 GC heap after
{Heap after GC invocations=29 (full 0):
 garbage-first heap   total 212992K, used 85758K [0x00000000a2200000, 0x0000000100000000)
  region size 1024K, 8 young (8192K), 8 survivors (8192K)
 Metaspace       used 68913K, committed 69696K, reserved 1114112K
  class space    used 7602K, committed 8000K, reserved 1048576K
}
Event: 80.972 GC heap before
{Heap before GC invocations=29 (full 0):
 garbage-first heap   total 212992K, used 172798K [0x00000000a2200000, 0x0000000100000000)
  region size 1024K, 93 young (95232K), 8 survivors (8192K)
 Metaspace       used 74216K, committed 75072K, reserved 1179648K
  class space    used 8194K, committed 8640K, reserved 1048576K
}
Event: 81.025 GC heap after
{Heap after GC invocations=30 (full 0):
 garbage-first heap   total 212992K, used 95090K [0x00000000a2200000, 0x0000000100000000)
  region size 1024K, 12 young (12288K), 12 survivors (12288K)
 Metaspace       used 74216K, committed 75072K, reserved 1179648K
  class space    used 8194K, committed 8640K, reserved 1048576K
}
Event: 88.386 GC heap before
{Heap before GC invocations=30 (full 0):
 garbage-first heap   total 212992K, used 172914K [0x00000000a2200000, 0x0000000100000000)
  region size 1024K, 88 young (90112K), 12 survivors (12288K)
 Metaspace       used 78550K, committed 79360K, reserved 1179648K
  class space    used 8555K, committed 8960K, reserved 1048576K
}
Event: 88.570 GC heap after
{Heap after GC invocations=31 (full 0):
 garbage-first heap   total 212992K, used 100657K [0x00000000a2200000, 0x0000000100000000)
  region size 1024K, 6 young (6144K), 6 survivors (6144K)
 Metaspace       used 78550K, committed 79360K, reserved 1179648K
  class space    used 8555K, committed 8960K, reserved 1048576K
}
Event: 92.543 GC heap before
{Heap before GC invocations=31 (full 0):
 garbage-first heap   total 212992K, used 175409K [0x00000000a2200000, 0x0000000100000000)
  region size 1024K, 78 young (79872K), 6 survivors (6144K)
 Metaspace       used 83338K, committed 84160K, reserved 1179648K
  class space    used 8910K, committed 9344K, reserved 1048576K
}

